[scratch.mit.edu/projects/472077983/embed.html]
[scratch.mit.edu/css/lib/normalize.min.css]
[scratch.mit.edu/common.css]
[scratch.mit.edu/embed.css]
[backblue.gif]
[fade.gif]
[index.html]
[scratch.mit.edu/js/polyfill.min.js]
[scratch.mit.edu/js/common.bundle.js]
[scratch.mit.edu/js/embed.intl.js]
[scratch.mit.edu/projects/472077983/embed.html]
[www.googletagmanager.com/gtm5445.html]
[scratch.mit.edu/css/lib/normalize.min.css]
[scratch.mit.edu/common.css]
[scratch.mit.edu/images/dropdown.png]
[scratch.mit.edu/images/logo_sm.png]
[scratch.mit.edu/js/embed.bundle.js]
[scratch.mit.edu/images/nav-search-glass.png]
[scratch.mit.edu/images/nav-notifications.png]
[scratch.mit.edu/images/mystuff.png]
[scratch.mit.edu/svgs/forms/caret.svg]
[scratch.mit.edu/svgs/forms/caret-hover.svg]
[scratch.mit.edu/images/unsupported.png]
[scratch.mit.edu/embed.css]
[scratch.mit.edu/svgs/forms/caret.svg]
[scratch.mit.edu/svgs/forms/caret-hover.svg]
